#
# There is insufficient memory for the Java Runtime Environment to continue.
# Native memory allocation (malloc) failed to allocate 484736 bytes for Chunk::new
# Possible reasons:
#   The system is out of physical RAM or swap space
#   The process is running with CompressedOops enabled, and the Java Heap may be blocking the growth of the native heap
# Possible solutions:
#   Reduce memory load on the system
#   Increase physical memory or swap space
#   Check if swap backing store is full
#   Decrease Java heap size (-Xmx/-Xms)
#   Decrease number of Java threads
#   Decrease Java thread stack sizes (-Xss)
#   Set larger code cache with -XX:ReservedCodeCacheSize=
#   JVM is running with Zero Based Compressed Oops mode in which the Java heap is
#     placed in the first 32GB address space. The Java Heap base address is the
#     maximum limit for the native heap growth. Please use -XX:HeapBaseMinAddress
#     to set the Java Heap base and to place the Java Heap above 32GB virtual address.
# This output file may be truncated or incomplete.
#
#  Out of Memory Error (./src/hotspot/share/memory/arena.cpp:197), pid=37272, tid=37336
#
# JRE version: OpenJDK Runtime Environment AdoptOpenJDK (11.0.8+10) (build 11.0.8+10)
# Java VM: OpenJDK 64-Bit Server VM AdoptOpenJDK (11.0.8+10, mixed mode, tiered, compressed oops, g1 gc, windows-amd64)
# No core dump will be written. Minidumps are not enabled by default on client versions of Windows
#

---------------  S U M M A R Y ------------

Command Line: -agentlib:jdwp=transport=dt_socket,server=n,suspend=y,address=localhost:53264 -Dfile.encoding=UTF-8 com.eVida.App

Host: AMD Ryzen 7 2700X Eight-Core Processor         , 16 cores, 15G,  Windows 10 , 64 bit Build 18362 (10.0.18362.1350)
Time: Tue Mar 16 10:32:38 2021 Hora estándar romance elapsed time: 0 seconds (0d 0h 0m 0s)

---------------  T H R E A D  ---------------

Current thread (0x00000219bd99e000):  JavaThread "C2 CompilerThread0" daemon [_thread_in_native, id=37336, stack(0x000000f11ac00000,0x000000f11ad00000)]


Current CompileTask:
C2:    769  534       4       jdk.internal.org.objectweb.asm.Frame::execute (2264 bytes)

Stack: [0x000000f11ac00000,0x000000f11ad00000]
Native frames: (J=compiled Java code, j=interpreted, Vv=VM code, C=native code)
V  [jvm.dll+0x5dfa5a]
V  [jvm.dll+0x7175ce]
V  [jvm.dll+0x718c9f]
V  [jvm.dll+0x719363]
V  [jvm.dll+0x240e48]
V  [jvm.dll+0xb96ac]
V  [jvm.dll+0xb9dac]
V  [jvm.dll+0x2b0804]
V  [jvm.dll+0x500086]
V  [jvm.dll+0x1fc5a3]
V  [jvm.dll+0x1f99bf]
V  [jvm.dll+0x17e4ec]
V  [jvm.dll+0x208f27]
V  [jvm.dll+0x20710b]
V  [jvm.dll+0x6dc339]
V  [jvm.dll+0x6d53e4]
V  [jvm.dll+0x5de996]
C  [ucrtbase.dll+0x210b2]
C  [KERNEL32.DLL+0x17c24]
C  [ntdll.dll+0x6d721]


---------------  P R O C E S S  ---------------

Threads class SMR info:
_java_thread_list=0x00000219be591040, length=18, elements={
0x00000219988a0000, 0x00000219bd919800, 0x00000219bd947000, 0x00000219bd99b800,
0x00000219bd99d000, 0x00000219bd99e000, 0x00000219bd9ad800, 0x00000219bd9b8000,
0x00000219bdb0b800, 0x00000219bdb70000, 0x00000219bdb73800, 0x00000219bdb75000,
0x00000219bdb80800, 0x00000219bdb90800, 0x00000219be3f5000, 0x00000219be46a000,
0x00000219be46b800, 0x00000219c5037800
}

Java Threads: ( => current thread )
  0x00000219988a0000 JavaThread "main" [_thread_in_vm, id=37292, stack(0x000000f11a100000,0x000000f11a200000)]
  0x00000219bd919800 JavaThread "Reference Handler" daemon [_thread_blocked, id=37320, stack(0x000000f11a800000,0x000000f11a900000)]
  0x00000219bd947000 JavaThread "Finalizer" daemon [_thread_blocked, id=37324, stack(0x000000f11a900000,0x000000f11aa00000)]
  0x00000219bd99b800 JavaThread "Signal Dispatcher" daemon [_thread_blocked, id=37328, stack(0x000000f11aa00000,0x000000f11ab00000)]
  0x00000219bd99d000 JavaThread "Attach Listener" daemon [_thread_blocked, id=37332, stack(0x000000f11ab00000,0x000000f11ac00000)]
=>0x00000219bd99e000 JavaThread "C2 CompilerThread0" daemon [_thread_in_native, id=37336, stack(0x000000f11ac00000,0x000000f11ad00000)]
  0x00000219bd9ad800 JavaThread "C1 CompilerThread0" daemon [_thread_blocked, id=37340, stack(0x000000f11ad00000,0x000000f11ae00000)]
  0x00000219bd9b8000 JavaThread "Sweeper thread" daemon [_thread_blocked, id=37344, stack(0x000000f11ae00000,0x000000f11af00000)]
  0x00000219bdb0b800 JavaThread "C1 CompilerThread1" daemon [_thread_blocked, id=37348, stack(0x000000f11af00000,0x000000f11b000000)]
  0x00000219bdb70000 JavaThread "JDWP Transport Listener: dt_socket" daemon [_thread_blocked, id=37356, stack(0x000000f11b000000,0x000000f11b100000)]
  0x00000219bdb73800 JavaThread "JDWP Event Helper Thread" daemon [_thread_blocked, id=37360, stack(0x000000f11b100000,0x000000f11b200000)]
  0x00000219bdb75000 JavaThread "JDWP Command Reader" daemon [_thread_in_native, id=37364, stack(0x000000f11b200000,0x000000f11b300000)]
  0x00000219bdb80800 JavaThread "Service Thread" daemon [_thread_blocked, id=37388, stack(0x000000f11b300000,0x000000f11b400000)]
  0x00000219bdb90800 JavaThread "Common-Cleaner" daemon [_thread_blocked, id=37396, stack(0x000000f11b500000,0x000000f11b600000)]
  0x00000219be3f5000 JavaThread "Java2D Disposer" daemon [_thread_blocked, id=37404, stack(0x000000f11b600000,0x000000f11b700000)]
  0x00000219be46a000 JavaThread "AWT-Shutdown" [_thread_blocked, id=37408, stack(0x000000f11b700000,0x000000f11b800000)]
  0x00000219be46b800 JavaThread "AWT-Windows" daemon [_thread_in_native, id=37412, stack(0x000000f11b800000,0x000000f11b900000)]
  0x00000219c5037800 JavaThread "C2 CompilerThread1" daemon [_thread_in_native, id=37468, stack(0x000000f11bb00000,0x000000f11bc00000)]

Other Threads:
  0x00000219bd915800 VMThread "VM Thread" [stack: 0x000000f11a700000,0x000000f11a800000] [id=37316]
  0x00000219bdb82800 WatcherThread [stack: 0x000000f11b400000,0x000000f11b500000] [id=37392]
  0x00000219988b8000 GCTaskThread "GC Thread#0" [stack: 0x000000f11a200000,0x000000f11a300000] [id=37296]
  0x0000021998918800 ConcurrentGCThread "G1 Main Marker" [stack: 0x000000f11a300000,0x000000f11a400000] [id=37300]
  0x000002199891a000 ConcurrentGCThread "G1 Conc#0" [stack: 0x000000f11a400000,0x000000f11a500000] [id=37304]
  0x00000219bcf78800 ConcurrentGCThread "G1 Refine#0" [stack: 0x000000f11a500000,0x000000f11a600000] [id=37308]
  0x00000219bcf7a800 ConcurrentGCThread "G1 Young RemSet Sampling" [stack: 0x000000f11a600000,0x000000f11a700000] [id=37312]

Threads with active compile tasks:
C2 CompilerThread0    796  534       4       jdk.internal.org.objectweb.asm.Frame::execute (2264 bytes)
C2 CompilerThread1    796  575       4       jdk.internal.org.objectweb.asm.ClassWriter::newUTF8 (70 bytes)

VM state:not at safepoint (normal execution)

VM Mutex/Monitor currently owned by a thread: None

Heap address: 0x0000000700c00000, size: 4084 MB, Compressed Oops mode: Zero based, Oop shift amount: 3
Narrow klass base: 0x0000000800000000, Narrow klass shift: 0
Compressed class space size: 1073741824 Address: 0x0000000800000000

Heap:
 garbage-first heap   total 262144K, used 6144K [0x0000000700c00000, 0x0000000800000000)
  region size 1024K, 7 young (7168K), 0 survivors (0K)
 Metaspace       used 10096K, capacity 10322K, committed 10624K, reserved 1060864K
  class space    used 955K, capacity 1045K, committed 1152K, reserved 1048576K
Heap Regions: E=young(eden), S=young(survivor), O=old, HS=humongous(starts), HC=humongous(continues), CS=collection set, F=free, A=archive, TAMS=top-at-mark-start (previous, next)
|   0|0x0000000700c00000, 0x0000000700c00000, 0x0000000700d00000|  0%| F|  |TAMS 0x0000000700c00000, 0x0000000700c00000| Untracked 
|   1|0x0000000700d00000, 0x0000000700d00000, 0x0000000700e00000|  0%| F|  |TAMS 0x0000000700d00000, 0x0000000700d00000| Untracked 
|   2|0x0000000700e00000, 0x0000000700e00000, 0x0000000700f00000|  0%| F|  |TAMS 0x0000000700e00000, 0x0000000700e00000| Untracked 
|   3|0x0000000700f00000, 0x0000000700f00000, 0x0000000701000000|  0%| F|  |TAMS 0x0000000700f00000, 0x0000000700f00000| Untracked 
|   4|0x0000000701000000, 0x0000000701000000, 0x0000000701100000|  0%| F|  |TAMS 0x0000000701000000, 0x0000000701000000| Untracked 
|   5|0x0000000701100000, 0x0000000701100000, 0x0000000701200000|  0%| F|  |TAMS 0x0000000701100000, 0x0000000701100000| Untracked 
|   6|0x0000000701200000, 0x0000000701200000, 0x0000000701300000|  0%| F|  |TAMS 0x0000000701200000, 0x0000000701200000| Untracked 
|   7|0x0000000701300000, 0x0000000701300000, 0x0000000701400000|  0%| F|  |TAMS 0x0000000701300000, 0x0000000701300000| Untracked 
|   8|0x0000000701400000, 0x0000000701400000, 0x0000000701500000|  0%| F|  |TAMS 0x0000000701400000, 0x0000000701400000| Untracked 
|   9|0x0000000701500000, 0x0000000701500000, 0x0000000701600000|  0%| F|  |TAMS 0x0000000701500000, 0x0000000701500000| Untracked 
|  10|0x0000000701600000, 0x0000000701600000, 0x0000000701700000|  0%| F|  |TAMS 0x0000000701600000, 0x0000000701600000| Untracked 
|  11|0x0000000701700000, 0x0000000701700000, 0x0000000701800000|  0%| F|  |TAMS 0x0000000701700000, 0x0000000701700000| Untracked 
|  12|0x0000000701800000, 0x0000000701800000, 0x0000000701900000|  0%| F|  |TAMS 0x0000000701800000, 0x0000000701800000| Untracked 
|  13|0x0000000701900000, 0x0000000701900000, 0x0000000701a00000|  0%| F|  |TAMS 0x0000000701900000, 0x0000000701900000| Untracked 
|  14|0x0000000701a00000, 0x0000000701a00000, 0x0000000701b00000|  0%| F|  |TAMS 0x0000000701a00000, 0x0000000701a00000| Untracked 
|  15|0x0000000701b00000, 0x0000000701b00000, 0x0000000701c00000|  0%| F|  |TAMS 0x0000000701b00000, 0x0000000701b00000| Untracked 
|  16|0x0000000701c00000, 0x0000000701c00000, 0x0000000701d00000|  0%| F|  |TAMS 0x0000000701c00000, 0x0000000701c00000| Untracked 
|  17|0x0000000701d00000, 0x0000000701d00000, 0x0000000701e00000|  0%| F|  |TAMS 0x0000000701d00000, 0x0000000701d00000| Untracked 
|  18|0x0000000701e00000, 0x0000000701e00000, 0x0000000701f00000|  0%| F|  |TAMS 0x0000000701e00000, 0x0000000701e00000| Untracked 
|  19|0x0000000701f00000, 0x0000000701f00000, 0x0000000702000000|  0%| F|  |TAMS 0x0000000701f00000, 0x0000000701f00000| Untracked 
|  20|0x0000000702000000, 0x0000000702000000, 0x0000000702100000|  0%| F|  |TAMS 0x0000000702000000, 0x0000000702000000| Untracked 
|  21|0x0000000702100000, 0x0000000702100000, 0x0000000702200000|  0%| F|  |TAMS 0x0000000702100000, 0x0000000702100000| Untracked 
|  22|0x0000000702200000, 0x0000000702200000, 0x0000000702300000|  0%| F|  |TAMS 0x0000000702200000, 0x0000000702200000| Untracked 
|  23|0x0000000702300000, 0x0000000702300000, 0x0000000702400000|  0%| F|  |TAMS 0x0000000702300000, 0x0000000702300000| Untracked 
|  24|0x0000000702400000, 0x0000000702400000, 0x0000000702500000|  0%| F|  |TAMS 0x0000000702400000, 0x0000000702400000| Untracked 
|  25|0x0000000702500000, 0x0000000702500000, 0x0000000702600000|  0%| F|  |TAMS 0x0000000702500000, 0x0000000702500000| Untracked 
|  26|0x0000000702600000, 0x0000000702600000, 0x0000000702700000|  0%| F|  |TAMS 0x0000000702600000, 0x0000000702600000| Untracked 
|  27|0x0000000702700000, 0x0000000702700000, 0x0000000702800000|  0%| F|  |TAMS 0x0000000702700000, 0x0000000702700000| Untracked 
|  28|0x0000000702800000, 0x0000000702800000, 0x0000000702900000|  0%| F|  |TAMS 0x0000000702800000, 0x0000000702800000| Untracked 
|  29|0x0000000702900000, 0x0000000702900000, 0x0000000702a00000|  0%| F|  |TAMS 0x0000000702900000, 0x0000000702900000| Untracked 
|  30|0x0000000702a00000, 0x0000000702a00000, 0x0000000702b00000|  0%| F|  |TAMS 0x0000000702a00000, 0x0000000702a00000| Untracked 
|  31|0x0000000702b00000, 0x0000000702b00000, 0x0000000702c00000|  0%| F|  |TAMS 0x0000000702b00000, 0x0000000702b00000| Untracked 
|  32|0x0000000702c00000, 0x0000000702c00000, 0x0000000702d00000|  0%| F|  |TAMS 0x0000000702c00000, 0x0000000702c00000| Untracked 
|  33|0x0000000702d00000, 0x0000000702d00000, 0x0000000702e00000|  0%| F|  |TAMS 0x0000000702d00000, 0x0000000702d00000| Untracked 
|  34|0x0000000702e00000, 0x0000000702e00000, 0x0000000702f00000|  0%| F|  |TAMS 0x0000000702e00000, 0x0000000702e00000| Untracked 
|  35|0x0000000702f00000, 0x0000000702f00000, 0x0000000703000000|  0%| F|  |TAMS 0x0000000702f00000, 0x0000000702f00000| Untracked 
|  36|0x0000000703000000, 0x0000000703000000, 0x0000000703100000|  0%| F|  |TAMS 0x0000000703000000, 0x0000000703000000| Untracked 
|  37|0x0000000703100000, 0x0000000703100000, 0x0000000703200000|  0%| F|  |TAMS 0x0000000703100000, 0x0000000703100000| Untracked 
|  38|0x0000000703200000, 0x0000000703200000, 0x0000000703300000|  0%| F|  |TAMS 0x0000000703200000, 0x0000000703200000| Untracked 
|  39|0x0000000703300000, 0x0000000703300000, 0x0000000703400000|  0%| F|  |TAMS 0x0000000703300000, 0x0000000703300000| Untracked 
|  40|0x0000000703400000, 0x0000000703400000, 0x0000000703500000|  0%| F|  |TAMS 0x0000000703400000, 0x0000000703400000| Untracked 
|  41|0x0000000703500000, 0x0000000703500000, 0x0000000703600000|  0%| F|  |TAMS 0x0000000703500000, 0x0000000703500000| Untracked 
|  42|0x0000000703600000, 0x0000000703600000, 0x0000000703700000|  0%| F|  |TAMS 0x0000000703600000, 0x0000000703600000| Untracked 
|  43|0x0000000703700000, 0x0000000703700000, 0x0000000703800000|  0%| F|  |TAMS 0x0000000703700000, 0x0000000703700000| Untracked 
|  44|0x0000000703800000, 0x0000000703800000, 0x0000000703900000|  0%| F|  |TAMS 0x0000000703800000, 0x0000000703800000| Untracked 
|  45|0x0000000703900000, 0x0000000703900000, 0x0000000703a00000|  0%| F|  |TAMS 0x0000000703900000, 0x0000000703900000| Untracked 
|  46|0x0000000703a00000, 0x0000000703a00000, 0x0000000703b00000|  0%| F|  |TAMS 0x0000000703a00000, 0x0000000703a00000| Untracked 
|  47|0x0000000703b00000, 0x0000000703b00000, 0x0000000703c00000|  0%| F|  |TAMS 0x0000000703b00000, 0x0000000703b00000| Untracked 
|  48|0x0000000703c00000, 0x0000000703c00000, 0x0000000703d00000|  0%| F|  |TAMS 0x0000000703c00000, 0x0000000703c00000| Untracked 
|  49|0x0000000703d00000, 0x0000000703d00000, 0x0000000703e00000|  0%| F|  |TAMS 0x0000000703d00000, 0x0000000703d00000| Untracked 
|  50|0x0000000703e00000, 0x0000000703e00000, 0x0000000703f00000|  0%| F|  |TAMS 0x0000000703e00000, 0x0000000703e00000| Untracked 
|  51|0x0000000703f00000, 0x0000000703f00000, 0x0000000704000000|  0%| F|  |TAMS 0x0000000703f00000, 0x0000000703f00000| Untracked 
|  52|0x0000000704000000, 0x0000000704000000, 0x0000000704100000|  0%| F|  |TAMS 0x0000000704000000, 0x0000000704000000| Untracked 
|  53|0x0000000704100000, 0x0000000704100000, 0x0000000704200000|  0%| F|  |TAMS 0x0000000704100000, 0x0000000704100000| Untracked 
|  54|0x0000000704200000, 0x0000000704200000, 0x0000000704300000|  0%| F|  |TAMS 0x0000000704200000, 0x0000000704200000| Untracked 
|  55|0x0000000704300000, 0x0000000704300000, 0x0000000704400000|  0%| F|  |TAMS 0x0000000704300000, 0x0000000704300000| Untracked 
|  56|0x0000000704400000, 0x0000000704400000, 0x0000000704500000|  0%| F|  |TAMS 0x0000000704400000, 0x0000000704400000| Untracked 
|  57|0x0000000704500000, 0x0000000704500000, 0x0000000704600000|  0%| F|  |TAMS 0x0000000704500000, 0x0000000704500000| Untracked 
|  58|0x0000000704600000, 0x0000000704600000, 0x0000000704700000|  0%| F|  |TAMS 0x0000000704600000, 0x0000000704600000| Untracked 
|  59|0x0000000704700000, 0x0000000704700000, 0x0000000704800000|  0%| F|  |TAMS 0x0000000704700000, 0x0000000704700000| Untracked 
|  60|0x0000000704800000, 0x0000000704800000, 0x0000000704900000|  0%| F|  |TAMS 0x0000000704800000, 0x0000000704800000| Untracked 
|  61|0x0000000704900000, 0x0000000704900000, 0x0000000704a00000|  0%| F|  |TAMS 0x0000000704900000, 0x0000000704900000| Untracked 
|  62|0x0000000704a00000, 0x0000000704a00000, 0x0000000704b00000|  0%| F|  |TAMS 0x0000000704a00000, 0x0000000704a00000| Untracked 
|  63|0x0000000704b00000, 0x0000000704b00000, 0x0000000704c00000|  0%| F|  |TAMS 0x0000000704b00000, 0x0000000704b00000| Untracked 
|  64|0x0000000704c00000, 0x0000000704c00000, 0x0000000704d00000|  0%| F|  |TAMS 0x0000000704c00000, 0x0000000704c00000| Untracked 
|  65|0x0000000704d00000, 0x0000000704d00000, 0x0000000704e00000|  0%| F|  |TAMS 0x0000000704d00000, 0x0000000704d00000| Untracked 
|  66|0x0000000704e00000, 0x0000000704e00000, 0x0000000704f00000|  0%| F|  |TAMS 0x0000000704e00000, 0x0000000704e00000| Untracked 
|  67|0x0000000704f00000, 0x0000000704f00000, 0x0000000705000000|  0%| F|  |TAMS 0x0000000704f00000, 0x0000000704f00000| Untracked 
|  68|0x0000000705000000, 0x0000000705000000, 0x0000000705100000|  0%| F|  |TAMS 0x0000000705000000, 0x0000000705000000| Untracked 
|  69|0x0000000705100000, 0x0000000705100000, 0x0000000705200000|  0%| F|  |TAMS 0x0000000705100000, 0x0000000705100000| Untracked 
|  70|0x0000000705200000, 0x0000000705200000, 0x0000000705300000|  0%| F|  |TAMS 0x0000000705200000, 0x0000000705200000| Untracked 
|  71|0x0000000705300000, 0x0000000705300000, 0x0000000705400000|  0%| F|  |TAMS 0x0000000705300000, 0x0000000705300000| Untracked 
|  72|0x0000000705400000, 0x0000000705400000, 0x0000000705500000|  0%| F|  |TAMS 0x0000000705400000, 0x0000000705400000| Untracked 
|  73|0x0000000705500000, 0x0000000705500000, 0x0000000705600000|  0%| F|  |TAMS 0x0000000705500000, 0x0000000705500000| Untracked 
|  74|0x0000000705600000, 0x0000000705600000, 0x0000000705700000|  0%| F|  |TAMS 0x0000000705600000, 0x0000000705600000| Untracked 
|  75|0x0000000705700000, 0x0000000705700000, 0x0000000705800000|  0%| F|  |TAMS 0x0000000705700000, 0x0000000705700000| Untracked 
|  76|0x0000000705800000, 0x0000000705800000, 0x0000000705900000|  0%| F|  |TAMS 0x0000000705800000, 0x0000000705800000| Untracked 
|  77|0x0000000705900000, 0x0000000705900000, 0x0000000705a00000|  0%| F|  |TAMS 0x0000000705900000, 0x0000000705900000| Untracked 
|  78|0x0000000705a00000, 0x0000000705a00000, 0x0000000705b00000|  0%| F|  |TAMS 0x0000000705a00000, 0x0000000705a00000| Untracked 
|  79|0x0000000705b00000, 0x0000000705b00000, 0x0000000705c00000|  0%| F|  |TAMS 0x0000000705b00000, 0x0000000705b00000| Untracked 
|  80|0x0000000705c00000, 0x0000000705c00000, 0x0000000705d00000|  0%| F|  |TAMS 0x0000000705c00000, 0x0000000705c00000| Untracked 
|  81|0x0000000705d00000, 0x0000000705d00000, 0x0000000705e00000|  0%| F|  |TAMS 0x0000000705d00000, 0x0000000705d00000| Untracked 
|  82|0x0000000705e00000, 0x0000000705e00000, 0x0000000705f00000|  0%| F|  |TAMS 0x0000000705e00000, 0x0000000705e00000| Untracked 
|  83|0x0000000705f00000, 0x0000000705f00000, 0x0000000706000000|  0%| F|  |TAMS 0x0000000705f00000, 0x0000000705f00000| Untracked 
|  84|0x0000000706000000, 0x0000000706000000, 0x0000000706100000|  0%| F|  |TAMS 0x0000000706000000, 0x0000000706000000| Untracked 
|  85|0x0000000706100000, 0x0000000706100000, 0x0000000706200000|  0%| F|  |TAMS 0x0000000706100000, 0x0000000706100000| Untracked 
|  86|0x0000000706200000, 0x0000000706200000, 0x0000000706300000|  0%| F|  |TAMS 0x0000000706200000, 0x0000000706200000| Untracked 
|  87|0x0000000706300000, 0x0000000706300000, 0x0000000706400000|  0%| F|  |TAMS 0x0000000706300000, 0x0000000706300000| Untracked 
|  88|0x0000000706400000, 0x0000000706400000, 0x0000000706500000|  0%| F|  |TAMS 0x0000000706400000, 0x0000000706400000| Untracked 
|  89|0x0000000706500000, 0x0000000706500000, 0x0000000706600000|  0%| F|  |TAMS 0x0000000706500000, 0x0000000706500000| Untracked 
|  90|0x0000000706600000, 0x0000000706600000, 0x0000000706700000|  0%| F|  |TAMS 0x0000000706600000, 0x0000000706600000| Untracked 
|  91|0x0000000706700000, 0x0000000706700000, 0x0000000706800000|  0%| F|  |TAMS 0x0000000706700000, 0x0000000706700000| Untracked 
|  92|0x0000000706800000, 0x0000000706800000, 0x0000000706900000|  0%| F|  |TAMS 0x0000000706800000, 0x0000000706800000| Untracked 
|  93|0x0000000706900000, 0x0000000706900000, 0x0000000706a00000|  0%| F|  |TAMS 0x0000000706900000, 0x0000000706900000| Untracked 
|  94|0x0000000706a00000, 0x0000000706a00000, 0x0000000706b00000|  0%| F|  |TAMS 0x0000000706a00000, 0x0000000706a00000| Untracked 
|  95|0x0000000706b00000, 0x0000000706b00000, 0x0000000706c00000|  0%| F|  |TAMS 0x0000000706b00000, 0x0000000706b00000| Untracked 
|  96|0x0000000706c00000, 0x0000000706c00000, 0x0000000706d00000|  0%| F|  |TAMS 0x0000000706c00000, 0x0000000706c00000| Untracked 
|  97|0x0000000706d00000, 0x0000000706d00000, 0x0000000706e00000|  0%| F|  |TAMS 0x0000000706d00000, 0x0000000706d00000| Untracked 
|  98|0x0000000706e00000, 0x0000000706e00000, 0x0000000706f00000|  0%| F|  |TAMS 0x0000000706e00000, 0x0000000706e00000| Untracked 
|  99|0x0000000706f00000, 0x0000000706f00000, 0x0000000707000000|  0%| F|  |TAMS 0x0000000706f00000, 0x0000000706f00000| Untracked 
| 100|0x0000000707000000, 0x0000000707000000, 0x0000000707100000|  0%| F|  |TAMS 0x0000000707000000, 0x0000000707000000| Untracked 
| 101|0x0000000707100000, 0x0000000707100000, 0x0000000707200000|  0%| F|  |TAMS 0x0000000707100000, 0x0000000707100000| Untracked 
| 102|0x0000000707200000, 0x0000000707200000, 0x0000000707300000|  0%| F|  |TAMS 0x0000000707200000, 0x0000000707200000| Untracked 
| 103|0x0000000707300000, 0x0000000707300000, 0x0000000707400000|  0%| F|  |TAMS 0x0000000707300000, 0x0000000707300000| Untracked 
| 104|0x0000000707400000, 0x0000000707400000, 0x0000000707500000|  0%| F|  |TAMS 0x0000000707400000, 0x0000000707400000| Untracked 
| 105|0x0000000707500000, 0x0000000707500000, 0x0000000707600000|  0%| F|  |TAMS 0x0000000707500000, 0x0000000707500000| Untracked 
| 106|0x0000000707600000, 0x0000000707600000, 0x0000000707700000|  0%| F|  |TAMS 0x0000000707600000, 0x0000000707600000| Untracked 
| 107|0x0000000707700000, 0x0000000707700000, 0x0000000707800000|  0%| F|  |TAMS 0x0000000707700000, 0x0000000707700000| Untracked 
| 108|0x0000000707800000, 0x0000000707800000, 0x0000000707900000|  0%| F|  |TAMS 0x0000000707800000, 0x0000000707800000| Untracked 
| 109|0x0000000707900000, 0x0000000707900000, 0x0000000707a00000|  0%| F|  |TAMS 0x0000000707900000, 0x0000000707900000| Untracked 
| 110|0x0000000707a00000, 0x0000000707a00000, 0x0000000707b00000|  0%| F|  |TAMS 0x0000000707a00000, 0x0000000707a00000| Untracked 
| 111|0x0000000707b00000, 0x0000000707b00000, 0x0000000707c00000|  0%| F|  |TAMS 0x0000000707b00000, 0x0000000707b00000| Untracked 
| 112|0x0000000707c00000, 0x0000000707c00000, 0x0000000707d00000|  0%| F|  |TAMS 0x0000000707c00000, 0x0000000707c00000| Untracked 
| 113|0x0000000707d00000, 0x0000000707d00000, 0x0000000707e00000|  0%| F|  |TAMS 0x0000000707d00000, 0x0000000707d00000| Untracked 
| 114|0x0000000707e00000, 0x0000000707e00000, 0x0000000707f00000|  0%| F|  |TAMS 0x0000000707e00000, 0x0000000707e00000| Untracked 
| 115|0x0000000707f00000, 0x0000000707f00000, 0x0000000708000000|  0%| F|  |TAMS 0x0000000707f00000, 0x0000000707f00000| Untracked 
| 116|0x0000000708000000, 0x0000000708000000, 0x0000000708100000|  0%| F|  |TAMS 0x0000000708000000, 0x0000000708000000| Untracked 
| 117|0x0000000708100000, 0x0000000708100000, 0x0000000708200000|  0%| F|  |TAMS 0x0000000708100000, 0x0000000708100000| Untracked 
| 118|0x0000000708200000, 0x0000000708200000, 0x0000000708300000|  0%| F|  |TAMS 0x0000000708200000, 0x0000000708200000| Untracked 
| 119|0x0000000708300000, 0x0000000708300000, 0x0000000708400000|  0%| F|  |TAMS 0x0000000708300000, 0x0000000708300000| Untracked 
| 120|0x0000000708400000, 0x0000000708400000, 0x0000000708500000|  0%| F|  |TAMS 0x0000000708400000, 0x0000000708400000| Untracked 
| 121|0x0000000708500000, 0x0000000708500000, 0x0000000708600000|  0%| F|  |TAMS 0x0000000708500000, 0x0000000708500000| Untracked 
| 122|0x0000000708600000, 0x0000000708600000, 0x0000000708700000|  0%| F|  |TAMS 0x0000000708600000, 0x0000000708600000| Untracked 
| 123|0x0000000708700000, 0x0000000708700000, 0x0000000708800000|  0%| F|  |TAMS 0x0000000708700000, 0x0000000708700000| Untracked 
| 124|0x0000000708800000, 0x0000000708800000, 0x0000000708900000|  0%| F|  |TAMS 0x0000000708800000, 0x0000000708800000| Untracked 
| 125|0x0000000708900000, 0x0000000708900000, 0x0000000708a00000|  0%| F|  |TAMS 0x0000000708900000, 0x0000000708900000| Untracked 
| 126|0x0000000708a00000, 0x0000000708a00000, 0x0000000708b00000|  0%| F|  |TAMS 0x0000000708a00000, 0x0000000708a00000| Untracked 
| 127|0x0000000708b00000, 0x0000000708b00000, 0x0000000708c00000|  0%| F|  |TAMS 0x0000000708b00000, 0x0000000708b00000| Untracked 
| 128|0x0000000708c00000, 0x0000000708c00000, 0x0000000708d00000|  0%| F|  |TAMS 0x0000000708c00000, 0x0000000708c00000| Untracked 
| 129|0x0000000708d00000, 0x0000000708d00000, 0x0000000708e00000|  0%| F|  |TAMS 0x0000000708d00000, 0x0000000708d00000| Untracked 
| 130|0x0000000708e00000, 0x0000000708e00000, 0x0000000708f00000|  0%| F|  |TAMS 0x0000000708e00000, 0x0000000708e00000| Untracked 
| 131|0x0000000708f00000, 0x0000000708f00000, 0x0000000709000000|  0%| F|  |TAMS 0x0000000708f00000, 0x0000000708f00000| Untracked 
| 132|0x0000000709000000, 0x0000000709000000, 0x0000000709100000|  0%| F|  |TAMS 0x0000000709000000, 0x0000000709000000| Untracked 
| 133|0x0000000709100000, 0x0000000709100000, 0x0000000709200000|  0%| F|  |TAMS 0x0000000709100000, 0x0000000709100000| Untracked 
| 134|0x0000000709200000, 0x0000000709200000, 0x0000000709300000|  0%| F|  |TAMS 0x0000000709200000, 0x0000000709200000| Untracked 
| 135|0x0000000709300000, 0x0000000709300000, 0x0000000709400000|  0%| F|  |TAMS 0x0000000709300000, 0x0000000709300000| Untracked 
| 136|0x0000000709400000, 0x0000000709400000, 0x0000000709500000|  0%| F|  |TAMS 0x0000000709400000, 0x0000000709400000| Untracked 
| 137|0x0000000709500000, 0x0000000709500000, 0x0000000709600000|  0%| F|  |TAMS 0x0000000709500000, 0x0000000709500000| Untracked 
| 138|0x0000000709600000, 0x0000000709600000, 0x0000000709700000|  0%| F|  |TAMS 0x0000000709600000, 0x0000000709600000| Untracked 
| 139|0x0000000709700000, 0x0000000709700000, 0x0000000709800000|  0%| F|  |TAMS 0x0000000709700000, 0x0000000709700000| Untracked 
| 140|0x0000000709800000, 0x0000000709800000, 0x0000000709900000|  0%| F|  |TAMS 0x0000000709800000, 0x0000000709800000| Untracked 
| 141|0x0000000709900000, 0x0000000709900000, 0x0000000709a00000|  0%| F|  |TAMS 0x0000000709900000, 0x0000000709900000| Untracked 
| 142|0x0000000709a00000, 0x0000000709a00000, 0x0000000709b00000|  0%| F|  |TAMS 0x0000000709a00000, 0x0000000709a00000| Untracked 
| 143|0x0000000709b00000, 0x0000000709b00000, 0x0000000709c00000|  0%| F|  |TAMS 0x0000000709b00000, 0x0000000709b00000| Untracked 
| 144|0x0000000709c00000, 0x0000000709c00000, 0x0000000709d00000|  0%| F|  |TAMS 0x0000000709c00000, 0x0000000709c00000| Untracked 
| 145|0x0000000709d00000, 0x0000000709d00000, 0x0000000709e00000|  0%| F|  |TAMS 0x0000000709d00000, 0x0000000709d00000| Untracked 
| 146|0x0000000709e00000, 0x0000000709e00000, 0x0000000709f00000|  0%| F|  |TAMS 0x0000000709e00000, 0x0000000709e00000| Untracked 
| 147|0x0000000709f00000, 0x0000000709f00000, 0x000000070a000000|  0%| F|  |TAMS 0x0000000709f00000, 0x0000000709f00000| Untracked 
| 148|0x000000070a000000, 0x000000070a000000, 0x000000070a100000|  0%| F|  |TAMS 0x000000070a000000, 0x000000070a000000| Untracked 
| 149|0x000000070a100000, 0x000000070a100000, 0x000000070a200000|  0%| F|  |TAMS 0x000000070a100000, 0x000000070a100000| Untracked 
| 150|0x000000070a200000, 0x000000070a200000, 0x000000070a300000|  0%| F|  |TAMS 0x000000070a200000, 0x000000070a200000| Untracked 
| 151|0x000000070a300000, 0x000000070a300000, 0x000000070a400000|  0%| F|  |TAMS 0x000000070a300000, 0x000000070a300000| Untracked 
| 152|0x000000070a400000, 0x000000070a400000, 0x000000070a500000|  0%| F|  |TAMS 0x000000070a400000, 0x000000070a400000| Untracked 
| 153|0x000000070a500000, 0x000000070a500000, 0x000000070a600000|  0%| F|  |TAMS 0x000000070a500000, 0x000000070a500000| Untracked 
| 154|0x000000070a600000, 0x000000070a600000, 0x000000070a700000|  0%| F|  |TAMS 0x000000070a600000, 0x000000070a600000| Untracked 
| 155|0x000000070a700000, 0x000000070a700000, 0x000000070a800000|  0%| F|  |TAMS 0x000000070a700000, 0x000000070a700000| Untracked 
| 156|0x000000070a800000, 0x000000070a800000, 0x000000070a900000|  0%| F|  |TAMS 0x000000070a800000, 0x000000070a800000| Untracked 
| 157|0x000000070a900000, 0x000000070a900000, 0x000000070aa00000|  0%| F|  |TAMS 0x000000070a900000, 0x000000070a900000| Untracked 
| 158|0x000000070aa00000, 0x000000070aa00000, 0x000000070ab00000|  0%| F|  |TAMS 0x000000070aa00000, 0x000000070aa00000| Untracked 
| 159|0x000000070ab00000, 0x000000070ab00000, 0x000000070ac00000|  0%| F|  |TAMS 0x000000070ab00000, 0x000000070ab00000| Untracked 
| 160|0x000000070ac00000, 0x000000070ac00000, 0x000000070ad00000|  0%| F|  |TAMS 0x000000070ac00000, 0x000000070ac00000| Untracked 
| 161|0x000000070ad00000, 0x000000070ad00000, 0x000000070ae00000|  0%| F|  |TAMS 0x000000070ad00000, 0x000000070ad00000| Untracked 
| 162|0x000000070ae00000, 0x000000070ae00000, 0x000000070af00000|  0%| F|  |TAMS 0x000000070ae00000, 0x000000070ae00000| Untracked 
| 163|0x000000070af00000, 0x000000070af00000, 0x000000070b000000|  0%| F|  |TAMS 0x000000070af00000, 0x000000070af00000| Untracked 
| 164|0x000000070b000000, 0x000000070b000000, 0x000000070b100000|  0%| F|  |TAMS 0x000000070b000000, 0x000000070b000000| Untracked 
| 165|0x000000070b100000, 0x000000070b100000, 0x000000070b200000|  0%| F|  |TAMS 0x000000070b100000, 0x000000070b100000| Untracked 
| 166|0x000000070b200000, 0x000000070b200000, 0x000000070b300000|  0%| F|  |TAMS 0x000000070b200000, 0x000000070b200000| Untracked 
| 167|0x000000070b300000, 0x000000070b300000, 0x000000070b400000|  0%| F|  |TAMS 0x000000070b300000, 0x000000070b300000| Untracked 
| 168|0x000000070b400000, 0x000000070b400000, 0x000000070b500000|  0%| F|  |TAMS 0x000000070b400000, 0x000000070b400000| Untracked 
| 169|0x000000070b500000, 0x000000070b500000, 0x000000070b600000|  0%| F|  |TAMS 0x000000070b500000, 0x000000070b500000| Untracked 
| 170|0x000000070b600000, 0x000000070b600000, 0x000000070b700000|  0%| F|  |TAMS 0x000000070b600000, 0x000000070b600000| Untracked 
| 171|0x000000070b700000, 0x000000070b700000, 0x000000070b800000|  0%| F|  |TAMS 0x000000070b700000, 0x000000070b700000| Untracked 
| 172|0x000000070b800000, 0x000000070b800000, 0x000000070b900000|  0%| F|  |TAMS 0x000000070b800000, 0x000000070b800000| Untracked 
| 173|0x000000070b900000, 0x000000070b900000, 0x000000070ba00000|  0%| F|  |TAMS 0x000000070b900000, 0x000000070b900000| Untracked 
| 174|0x000000070ba00000, 0x000000070ba00000, 0x000000070bb00000|  0%| F|  |TAMS 0x000000070ba00000, 0x000000070ba00000| Untracked 
| 175|0x000000070bb00000, 0x000000070bb00000, 0x000000070bc00000|  0%| F|  |TAMS 0x000000070bb00000, 0x000000070bb00000| Untracked 
| 176|0x000000070bc00000, 0x000000070bc00000, 0x000000070bd00000|  0%| F|  |TAMS 0x000000070bc00000, 0x000000070bc00000| Untracked 
| 177|0x000000070bd00000, 0x000000070bd00000, 0x000000070be00000|  0%| F|  |TAMS 0x000000070bd00000, 0x000000070bd00000| Untracked 
| 178|0x000000070be00000, 0x000000070be00000, 0x000000070bf00000|  0%| F|  |TAMS 0x000000070be00000, 0x000000070be00000| Untracked 
| 179|0x000000070bf00000, 0x000000070bf00000, 0x000000070c000000|  0%| F|  |TAMS 0x000000070bf00000, 0x000000070bf00000| Untracked 
| 180|0x000000070c000000, 0x000000070c000000, 0x000000070c100000|  0%| F|  |TAMS 0x000000070c000000, 0x000000070c000000| Untracked 
| 181|0x000000070c100000, 0x000000070c100000, 0x000000070c200000|  0%| F|  |TAMS 0x000000070c100000, 0x000000070c100000| Untracked 
| 182|0x000000070c200000, 0x000000070c200000, 0x000000070c300000|  0%| F|  |TAMS 0x000000070c200000, 0x000000070c200000| Untracked 
| 183|0x000000070c300000, 0x000000070c300000, 0x000000070c400000|  0%| F|  |TAMS 0x000000070c300000, 0x000000070c300000| Untracked 
| 184|0x000000070c400000, 0x000000070c400000, 0x000000070c500000|  0%| F|  |TAMS 0x000000070c400000, 0x000000070c400000| Untracked 
| 185|0x000000070c500000, 0x000000070c500000, 0x000000070c600000|  0%| F|  |TAMS 0x000000070c500000, 0x000000070c500000| Untracked 
| 186|0x000000070c600000, 0x000000070c600000, 0x000000070c700000|  0%| F|  |TAMS 0x000000070c600000, 0x000000070c600000| Untracked 
| 187|0x000000070c700000, 0x000000070c700000, 0x000000070c800000|  0%| F|  |TAMS 0x000000070c700000, 0x000000070c700000| Untracked 
| 188|0x000000070c800000, 0x000000070c800000, 0x000000070c900000|  0%| F|  |TAMS 0x000000070c800000, 0x000000070c800000| Untracked 
| 189|0x000000070c900000, 0x000000070c900000, 0x000000070ca00000|  0%| F|  |TAMS 0x000000070c900000, 0x000000070c900000| Untracked 
| 190|0x000000070ca00000, 0x000000070ca00000, 0x000000070cb00000|  0%| F|  |TAMS 0x000000070ca00000, 0x000000070ca00000| Untracked 
| 191|0x000000070cb00000, 0x000000070cb00000, 0x000000070cc00000|  0%| F|  |TAMS 0x000000070cb00000, 0x000000070cb00000| Untracked 
| 192|0x000000070cc00000, 0x000000070cc00000, 0x000000070cd00000|  0%| F|  |TAMS 0x000000070cc00000, 0x000000070cc00000| Untracked 
| 193|0x000000070cd00000, 0x000000070cd00000, 0x000000070ce00000|  0%| F|  |TAMS 0x000000070cd00000, 0x000000070cd00000| Untracked 
| 194|0x000000070ce00000, 0x000000070ce00000, 0x000000070cf00000|  0%| F|  |TAMS 0x000000070ce00000, 0x000000070ce00000| Untracked 
| 195|0x000000070cf00000, 0x000000070cf00000, 0x000000070d000000|  0%| F|  |TAMS 0x000000070cf00000, 0x000000070cf00000| Untracked 
| 196|0x000000070d000000, 0x000000070d000000, 0x000000070d100000|  0%| F|  |TAMS 0x000000070d000000, 0x000000070d000000| Untracked 
| 197|0x000000070d100000, 0x000000070d100000, 0x000000070d200000|  0%| F|  |TAMS 0x000000070d100000, 0x000000070d100000| Untracked 
| 198|0x000000070d200000, 0x000000070d200000, 0x000000070d300000|  0%| F|  |TAMS 0x000000070d200000, 0x000000070d200000| Untracked 
| 199|0x000000070d300000, 0x000000070d300000, 0x000000070d400000|  0%| F|  |TAMS 0x000000070d300000, 0x000000070d300000| Untracked 
| 200|0x000000070d400000, 0x000000070d400000, 0x000000070d500000|  0%| F|  |TAMS 0x000000070d400000, 0x000000070d400000| Untracked 
| 201|0x000000070d500000, 0x000000070d500000, 0x000000070d600000|  0%| F|  |TAMS 0x000000070d500000, 0x000000070d500000| Untracked 
| 202|0x000000070d600000, 0x000000070d600000, 0x000000070d700000|  0%| F|  |TAMS 0x000000070d600000, 0x000000070d600000| Untracked 
| 203|0x000000070d700000, 0x000000070d700000, 0x000000070d800000|  0%| F|  |TAMS 0x000000070d700000, 0x000000070d700000| Untracked 
| 204|0x000000070d800000, 0x000000070d800000, 0x000000070d900000|  0%| F|  |TAMS 0x000000070d800000, 0x000000070d800000| Untracked 
| 205|0x000000070d900000, 0x000000070d900000, 0x000000070da00000|  0%| F|  |TAMS 0x000000070d900000, 0x000000070d900000| Untracked 
| 206|0x000000070da00000, 0x000000070da00000, 0x000000070db00000|  0%| F|  |TAMS 0x000000070da00000, 0x000000070da00000| Untracked 
| 207|0x000000070db00000, 0x000000070db00000, 0x000000070dc00000|  0%| F|  |TAMS 0x000000070db00000, 0x000000070db00000| Untracked 
| 208|0x000000070dc00000, 0x000000070dc00000, 0x000000070dd00000|  0%| F|  |TAMS 0x000000070dc00000, 0x000000070dc00000| Untracked 
| 209|0x000000070dd00000, 0x000000070dd00000, 0x000000070de00000|  0%| F|  |TAMS 0x000000070dd00000, 0x000000070dd00000| Untracked 
| 210|0x000000070de00000, 0x000000070de00000, 0x000000070df00000|  0%| F|  |TAMS 0x000000070de00000, 0x000000070de00000| Untracked 
| 211|0x000000070df00000, 0x000000070df00000, 0x000000070e000000|  0%| F|  |TAMS 0x000000070df00000, 0x000000070df00000| Untracked 
| 212|0x000000070e000000, 0x000000070e000000, 0x000000070e100000|  0%| F|  |TAMS 0x000000070e000000, 0x000000070e000000| Untracked 
| 213|0x000000070e100000, 0x000000070e100000, 0x000000070e200000|  0%| F|  |TAMS 0x000000070e100000, 0x000000070e100000| Untracked 
| 214|0x000000070e200000, 0x000000070e200000, 0x000000070e300000|  0%| F|  |TAMS 0x000000070e200000, 0x000000070e200000| Untracked 
| 215|0x000000070e300000, 0x000000070e300000, 0x000000070e400000|  0%| F|  |TAMS 0x000000070e300000, 0x000000070e300000| Untracked 
| 216|0x000000070e400000, 0x000000070e400000, 0x000000070e500000|  0%| F|  |TAMS 0x000000070e400000, 0x000000070e400000| Untracked 
| 217|0x000000070e500000, 0x000000070e500000, 0x000000070e600000|  0%| F|  |TAMS 0x000000070e500000, 0x000000070e500000| Untracked 
| 218|0x000000070e600000, 0x000000070e600000, 0x000000070e700000|  0%| F|  |TAMS 0x000000070e600000, 0x000000070e600000| Untracked 
| 219|0x000000070e700000, 0x000000070e700000, 0x000000070e800000|  0%| F|  |TAMS 0x000000070e700000, 0x000000070e700000| Untracked 
| 220|0x000000070e800000, 0x000000070e800000, 0x000000070e900000|  0%| F|  |TAMS 0x000000070e800000, 0x000000070e800000| Untracked 
| 221|0x000000070e900000, 0x000000070e900000, 0x000000070ea00000|  0%| F|  |TAMS 0x000000070e900000, 0x000000070e900000| Untracked 
| 222|0x000000070ea00000, 0x000000070ea00000, 0x000000070eb00000|  0%| F|  |TAMS 0x000000070ea00000, 0x000000070ea00000| Untracked 
| 223|0x000000070eb00000, 0x000000070eb00000, 0x000000070ec00000|  0%| F|  |TAMS 0x000000070eb00000, 0x000000070eb00000| Untracked 
| 224|0x000000070ec00000, 0x000000070ec00000, 0x000000070ed00000|  0%| F|  |TAMS 0x000000070ec00000, 0x000000070ec00000| Untracked 
| 225|0x000000070ed00000, 0x000000070ed00000, 0x000000070ee00000|  0%| F|  |TAMS 0x000000070ed00000, 0x000000070ed00000| Untracked 
| 226|0x000000070ee00000, 0x000000070ee00000, 0x000000070ef00000|  0%| F|  |TAMS 0x000000070ee00000, 0x000000070ee00000| Untracked 
| 227|0x000000070ef00000, 0x000000070ef00000, 0x000000070f000000|  0%| F|  |TAMS 0x000000070ef00000, 0x000000070ef00000| Untracked 
| 228|0x000000070f000000, 0x000000070f000000, 0x000000070f100000|  0%| F|  |TAMS 0x000000070f000000, 0x000000070f000000| Untracked 
| 229|0x000000070f100000, 0x000000070f100000, 0x000000070f200000|  0%| F|  |TAMS 0x000000070f100000, 0x000000070f100000| Untracked 
| 230|0x000000070f200000, 0x000000070f200000, 0x000000070f300000|  0%| F|  |TAMS 0x000000070f200000, 0x000000070f200000| Untracked 
| 231|0x000000070f300000, 0x000000070f300000, 0x000000070f400000|  0%| F|  |TAMS 0x000000070f300000, 0x000000070f300000| Untracked 
| 232|0x000000070f400000, 0x000000070f400000, 0x000000070f500000|  0%| F|  |TAMS 0x000000070f400000, 0x000000070f400000| Untracked 
| 233|0x000000070f500000, 0x000000070f500000, 0x000000070f600000|  0%| F|  |TAMS 0x000000070f500000, 0x000000070f500000| Untracked 
| 234|0x000000070f600000, 0x000000070f600000, 0x000000070f700000|  0%| F|  |TAMS 0x000000070f600000, 0x000000070f600000| Untracked 
| 235|0x000000070f700000, 0x000000070f700000, 0x000000070f800000|  0%| F|  |TAMS 0x000000070f700000, 0x000000070f700000| Untracked 
| 236|0x000000070f800000, 0x000000070f800000, 0x000000070f900000|  0%| F|  |TAMS 0x000000070f800000, 0x000000070f800000| Untracked 
| 237|0x000000070f900000, 0x000000070f900000, 0x000000070fa00000|  0%| F|  |TAMS 0x000000070f900000, 0x000000070f900000| Untracked 
| 238|0x000000070fa00000, 0x000000070fa00000, 0x000000070fb00000|  0%| F|  |TAMS 0x000000070fa00000, 0x000000070fa00000| Untracked 
| 239|0x000000070fb00000, 0x000000070fb00000, 0x000000070fc00000|  0%| F|  |TAMS 0x000000070fb00000, 0x000000070fb00000| Untracked 
| 240|0x000000070fc00000, 0x000000070fc00000, 0x000000070fd00000|  0%| F|  |TAMS 0x000000070fc00000, 0x000000070fc00000| Untracked 
| 241|0x000000070fd00000, 0x000000070fd00000, 0x000000070fe00000|  0%| F|  |TAMS 0x000000070fd00000, 0x000000070fd00000| Untracked 
| 242|0x000000070fe00000, 0x000000070fe00000, 0x000000070ff00000|  0%| F|  |TAMS 0x000000070fe00000, 0x000000070fe00000| Untracked 
| 243|0x000000070ff00000, 0x000000070ff00000, 0x0000000710000000|  0%| F|  |TAMS 0x000000070ff00000, 0x000000070ff00000| Untracked 
| 244|0x0000000710000000, 0x0000000710000000, 0x0000000710100000|  0%| F|  |TAMS 0x0000000710000000, 0x0000000710000000| Untracked 
| 245|0x0000000710100000, 0x0000000710100000, 0x0000000710200000|  0%| F|  |TAMS 0x0000000710100000, 0x0000000710100000| Untracked 
| 246|0x0000000710200000, 0x0000000710200000, 0x0000000710300000|  0%| F|  |TAMS 0x0000000710200000, 0x0000000710200000| Untracked 
| 247|0x0000000710300000, 0x0000000710300000, 0x0000000710400000|  0%| F|  |TAMS 0x0000000710300000, 0x0000000710300000| Untracked 
| 248|0x0000000710400000, 0x0000000710400000, 0x0000000710500000|  0%| F|  |TAMS 0x0000000710400000, 0x0000000710400000| Untracked 
| 249|0x0000000710500000, 0x00000007105f6858, 0x0000000710600000| 96%| E|  |TAMS 0x0000000710500000, 0x0000000710500000| Complete 
| 250|0x0000000710600000, 0x0000000710700000, 0x0000000710700000|100%| E|CS|TAMS 0x0000000710600000, 0x0000000710600000| Complete 
| 251|0x0000000710700000, 0x0000000710800000, 0x0000000710800000|100%| E|CS|TAMS 0x0000000710700000, 0x0000000710700000| Complete 
| 252|0x0000000710800000, 0x0000000710900000, 0x0000000710900000|100%| E|CS|TAMS 0x0000000710800000, 0x0000000710800000| Complete 
| 253|0x0000000710900000, 0x0000000710a00000, 0x0000000710a00000|100%| E|CS|TAMS 0x0000000710900000, 0x0000000710900000| Complete 
| 254|0x0000000710a00000, 0x0000000710b00000, 0x0000000710b00000|100%| E|CS|TAMS 0x0000000710a00000, 0x0000000710a00000| Complete 
| 255|0x0000000710b00000, 0x0000000710c00000, 0x0000000710c00000|100%| E|CS|TAMS 0x0000000710b00000, 0x0000000710b00000| Complete 

Card table byte_map: [0x00000219b0f80000,0x00000219b1780000] _byte_map_base: 0x00000219ad77a000

Marking Bits (Prev, Next): (CMBitMap*) 0x0000021998907c48, (CMBitMap*) 0x0000021998907c80
 Prev Bits: [0x00000219b1f80000, 0x00000219b5f50000)
 Next Bits: [0x00000219b5f50000, 0x00000219b9f20000)

Polling page: 0x0000021996880000

Metaspace:

Usage:
  Non-class:      9.06 MB capacity,     8.93 MB ( 99%) used,   112.14 KB (  1%) free+waste,    23.50 KB ( <1%) overhead. 
      Class:      1.02 MB capacity,   955.09 KB ( 91%) used,    77.91 KB (  7%) free+waste,    12.00 KB (  1%) overhead. 
       Both:     10.08 MB capacity,     9.86 MB ( 98%) used,   190.05 KB (  2%) free+waste,    35.50 KB ( <1%) overhead. 

Virtual space:
  Non-class space:       12.00 MB reserved,       9.25 MB ( 77%) committed 
      Class space:        1.00 GB reserved,       1.13 MB ( <1%) committed 
             Both:        1.01 GB reserved,      10.38 MB (  1%) committed 

Chunk freelists:
   Non-Class:  3.00 KB
       Class:  0 bytes
        Both:  3.00 KB

MaxMetaspaceSize: 17179869184.00 GB
CompressedClassSpaceSize: 1.00 GB

CodeHeap 'non-profiled nmethods': size=119168Kb used=166Kb max_used=166Kb free=119001Kb
 bounds [0x00000219a8aa0000, 0x00000219a8d10000, 0x00000219aff00000]
CodeHeap 'profiled nmethods': size=119168Kb used=975Kb max_used=975Kb free=118192Kb
 bounds [0x00000219a1640000, 0x00000219a18b0000, 0x00000219a8aa0000]
CodeHeap 'non-nmethods': size=7424Kb used=1766Kb max_used=1779Kb free=5657Kb
 bounds [0x00000219a0f00000, 0x00000219a1170000, 0x00000219a1640000]
 total_blobs=1029 nmethods=592 adapters=356
 compilation: enabled
              stopped_count=0, restarted_count=0
 full_count=0

Compilation events (20 events):
Event: 0.763 Thread 0x00000219bd9ad800 nmethod 544 0x00000219a1716790 code [0x00000219a1716960, 0x00000219a1716bf8]
Event: 0.763 Thread 0x00000219bdb0b800 nmethod 545 0x00000219a1716d10 code [0x00000219a1716ec0, 0x00000219a1717098]
Event: 0.764 Thread 0x00000219bd9ad800  548       3       java.lang.invoke.MethodType::basicType (8 bytes)
Event: 0.764 Thread 0x00000219bd9ad800 nmethod 548 0x00000219a1717190 code [0x00000219a1717340, 0x00000219a1717478]
Event: 0.764 Thread 0x00000219c5037800  549       4       jdk.internal.org.objectweb.asm.Type::getArgumentsAndReturnSizes (151 bytes)
Event: 0.764 Thread 0x00000219bdb0b800  550       3       java.lang.invoke.LambdaFormBuffer::clearDuplicatesAndNulls (268 bytes)
Event: 0.765 Thread 0x00000219bd9ad800  551       3       java.lang.invoke.InvokerBytecodeGenerator::<init> (80 bytes)
Event: 0.765 Thread 0x00000219bd9ad800 nmethod 551 0x00000219a1717510 code [0x00000219a1717700, 0x00000219a1717ae8]
Event: 0.765 Thread 0x00000219bd9ad800  552       3       java.lang.invoke.LambdaFormBuffer::endEdit (308 bytes)
Event: 0.765 Thread 0x00000219bdb0b800 nmethod 550 0x00000219a1717d90 code [0x00000219a1718040, 0x00000219a1718ff8]
Event: 0.765 Thread 0x00000219bdb0b800  554       3       jdk.internal.org.objectweb.asm.Frame::initInputFrame (158 bytes)
Event: 0.766 Thread 0x00000219bd9ad800 nmethod 552 0x00000219a1719510 code [0x00000219a17197a0, 0x00000219a171a5d8]
Event: 0.766 Thread 0x00000219bd9ad800  555       3       java.lang.invoke.LambdaFormBuffer::indexOf (25 bytes)
Event: 0.766 Thread 0x00000219bd9ad800 nmethod 555 0x00000219a171aa10 code [0x00000219a171abc0, 0x00000219a171adb8]
Event: 0.766 Thread 0x00000219bdb0b800 nmethod 554 0x00000219a171ae90 code [0x00000219a171b0e0, 0x00000219a171baa8]
Event: 0.766 Thread 0x00000219bd9ad800  556       3       java.util.HashMap$HashIterator::hasNext (13 bytes)
Event: 0.766 Thread 0x00000219bdb0b800  557       3       java.util.HashMap$HashIterator::nextNode (100 bytes)
Event: 0.766 Thread 0x00000219bd9ad800 nmethod 556 0x00000219a171bf90 code [0x00000219a171c140, 0x00000219a171c298]
Event: 0.766 Thread 0x00000219bdb0b800 nmethod 557 0x00000219a171c310 code [0x00000219a171c520, 0x00000219a171ca98]
Event: 0.767 Thread 0x00000219bd9ad800  559       3       java.lang.StringLatin1::getChar (9 bytes)

GC Heap History (0 events):
No events

Deoptimization events (4 events):
Event: 0.248 Thread 0x00000219988a0000 Uncommon trap: trap_request=0xffffff4d fr.pc=0x00000219a8aa4a34 relative=0x0000000000000214
Event: 0.248 Thread 0x00000219988a0000 Uncommon trap: reason=unstable_if action=reinterpret pc=0x00000219a8aa4a34 method=java.lang.String.hashCode()I @ 14 c2
Event: 0.248 Thread 0x00000219988a0000 DEOPT PACKING pc=0x00000219a8aa4a34 sp=0x000000f11a1fd490
Event: 0.248 Thread 0x00000219988a0000 DEOPT UNPACKING pc=0x00000219a0f3be2f sp=0x000000f11a1fd438 mode 2

Classes redefined (0 events):
No events

Internal exceptions (11 events):
Event: 0.337 Thread 0x00000219988a0000 Exception <a 'java/lang/ClassNotFoundException'{0x00000007109f4c00}: sun/awt/resources/spi/awtProvider> (0x00000007109f4c00) thrown at [./src/hotspot/share/classfile/systemDictionary.cpp, line 231]
Event: 0.380 Thread 0x00000219988a0000 Exception <a 'java/io/FileNotFoundException'{0x000000071088e0a8}> (0x000000071088e0a8) thrown at [./src/hotspot/share/prims/jni.cpp, line 615]
Event: 0.387 Thread 0x00000219988a0000 Exception <a 'java/lang/NoSuchMethodError'{0x00000007108e8dc0}: 'java.lang.Object java.lang.invoke.DirectMethodHandle$Holder.invokeStatic(java.lang.Object, java.lang.Object, java.lang.Object, java.lang.Object, java.lang.Object, java.lang.Object, java.lang.Object, java.lang.Object, java.lang.Object, java.lang.Object, java.lang.Object, java.lang.Object, java.lang.Object, java.lang.Object, java.lang.Object)'> (0x00000007108e8dc0) thrown at [./src/hotspot/share/interpreter/linkResolver.cpp, line 773]
Event: 0.388 Thread 0x00000219988a0000 Exception <a 'java/lang/NoSuchMethodError'{0x00000007108f6d70}: 'java.lang.Object java.lang.invoke.DirectMethodHandle$Holder.invokeStatic(java.lang.Object, java.lang.Object, java.lang.Object, java.lang.Object, java.lang.Object, java.lang.Object, java.lang.Object, java.lang.Object, java.lang.Object, java.lang.Object, java.lang.Object, java.lang.Object, java.lang.Object, java.lang.Object, java.lang.Object, java.lang.Object)'> (0x00000007108f6d70) thrown at [./src/hotspot/share/interpreter/linkResolver.cpp, l
Event: 0.389 Thread 0x00000219988a0000 Exception <a 'java/lang/NoSuchMethodError'{0x0000000710704ea0}: 'java.lang.Object java.lang.invoke.DirectMethodHandle$Holder.invokeSpecial(java.lang.Object, java.lang.Object, int, int, java.lang.Object, java.lang.Object, java.lang.Object)'> (0x0000000710704ea0) thrown at [./src/hotspot/share/interpreter/linkResolver.cpp, line 773]
Event: 0.389 Thread 0x00000219988a0000 Exception <a 'java/lang/NoSuchMethodError'{0x0000000710708430}: 'java.lang.Object java.lang.invoke.DelegatingMethodHandle$Holder.reinvoke_L(java.lang.Object, int, int, java.lang.Object, java.lang.Object, java.lang.Object)'> (0x0000000710708430) thrown at [./src/hotspot/share/interpreter/linkResolver.cpp, line 773]
Event: 0.390 Thread 0x00000219988a0000 Exception <a 'java/lang/NoSuchMethodError'{0x000000071070c510}: 'java.lang.Object java.lang.invoke.DirectMethodHandle$Holder.invokeStatic(java.lang.Object, java.lang.Object, java.lang.Object, java.lang.Object, int)'> (0x000000071070c510) thrown at [./src/hotspot/share/interpreter/linkResolver.cpp, line 773]
Event: 0.396 Thread 0x00000219988a0000 Exception <a 'java/io/FileNotFoundException'{0x000000071076ee28}> (0x000000071076ee28) thrown at [./src/hotspot/share/prims/jni.cpp, line 615]
Event: 0.472 Thread 0x00000219be46b800 Exception <a 'java/lang/NoSuchMethodError'{0x0000000710605390}: 'void java.lang.invoke.DirectMethodHandle$Holder.invokeSpecial(java.lang.Object, java.lang.Object)'> (0x0000000710605390) thrown at [./src/hotspot/share/interpreter/linkResolver.cpp, line 773]
Event: 0.475 Thread 0x00000219988a0000 Exception <a 'java/lang/NoSuchMethodError'{0x0000000710697578}: 'java.lang.Object java.lang.invoke.DirectMethodHandle$Holder.invokeStatic(java.lang.Object, java.lang.Object, java.lang.Object, java.lang.Object, java.lang.Object, java.lang.Object, java.lang.Object, java.lang.Object, int)'> (0x0000000710697578) thrown at [./src/hotspot/share/interpreter/linkResolver.cpp, line 773]
Event: 0.476 Thread 0x00000219988a0000 Exception <a 'java/lang/NoSuchMethodError'{0x00000007106b14d8}: 'java.lang.Object java.lang.invoke.DirectMethodHandle$Holder.invokeStatic(java.lang.Object, java.lang.Object, java.lang.Object, java.lang.Object, java.lang.Object, java.lang.Object, java.lang.Object, java.lang.Object, int, int)'> (0x00000007106b14d8) thrown at [./src/hotspot/share/interpreter/linkResolver.cpp, line 773]

Events (20 events):
Event: 0.760 loading class java/awt/Color done
Event: 0.760 loading class sun/awt/windows/WDesktopProperties$WinPlaySound
Event: 0.760 loading class sun/awt/windows/WDesktopProperties$WinPlaySound done
Event: 0.761 loading class java/awt/RenderingHints
Event: 0.761 loading class java/awt/RenderingHints done
Event: 0.761 loading class sun/awt/SunHints
Event: 0.762 loading class sun/awt/SunHints done
Event: 0.762 loading class sun/awt/SunHints$Key
Event: 0.762 loading class java/awt/RenderingHints$Key
Event: 0.762 loading class java/awt/RenderingHints$Key done
Event: 0.762 loading class sun/awt/SunHints$Key done
Event: 0.764 Thread 0x00000219c5037800 Thread added: 0x00000219c5037800
Event: 0.766 loading class sun/awt/SunHints$Value
Event: 0.766 loading class sun/awt/SunHints$Value done
Event: 0.766 loading class sun/awt/SunHints$LCDContrastKey
Event: 0.766 loading class sun/awt/SunHints$LCDContrastKey done
Event: 0.766 loading class java/util/Arrays$LegacyMergeSort
Event: 0.766 loading class java/util/Arrays$LegacyMergeSort done
Event: 0.766 loading class java/util/ComparableTimSort
Event: 0.767 loading class java/util/ComparableTimSort done


Dynamic libraries:
0x00007ff6e9590000 - 0x00007ff6e959d000 	C:\Program Files\AdoptOpenJDK\jdk-11.0.8.10-hotspot\bin\java.exe
0x00007ffa303c0000 - 0x00007ffa305b0000 	C:\Windows\SYSTEM32\ntdll.dll
0x00007ffa2edc0000 - 0x00007ffa2ee72000 	C:\Windows\System32\KERNEL32.DLL
0x00007ffa2dfb0000 - 0x00007ffa2e255000 	C:\Windows\System32\KERNELBASE.dll
0x00007ffa2deb0000 - 0x00007ffa2dfaa000 	C:\Windows\System32\ucrtbase.dll
0x00007ffa14160000 - 0x00007ffa14175000 	C:\Program Files\AdoptOpenJDK\jdk-11.0.8.10-hotspot\bin\VCRUNTIME140.dll
0x00007ffa136e0000 - 0x00007ffa136f7000 	C:\Program Files\AdoptOpenJDK\jdk-11.0.8.10-hotspot\bin\jli.dll
0x00007ffa2efd0000 - 0x00007ffa2f164000 	C:\Windows\System32\USER32.dll
0x00007ffa18840000 - 0x00007ffa18ac4000 	C:\Windows\WinSxS\amd64_microsoft.windows.common-controls_6595b64144ccf1df_6.0.18362.1379_none_9e7ff3b3e45cc0c4\COMCTL32.dll
0x00007ffa2db20000 - 0x00007ffa2db41000 	C:\Windows\System32\win32u.dll
0x00007ffa2e910000 - 0x00007ffa2e9ae000 	C:\Windows\System32\msvcrt.dll
0x00007ffa2ed90000 - 0x00007ffa2edb6000 	C:\Windows\System32\GDI32.dll
0x00007ffa2e5d0000 - 0x00007ffa2e907000 	C:\Windows\System32\combase.dll
0x00007ffa2dd10000 - 0x00007ffa2dea8000 	C:\Windows\System32\gdi32full.dll
0x00007ffa2f3e0000 - 0x00007ffa2f4ff000 	C:\Windows\System32\RPCRT4.dll
0x00007ffa2e260000 - 0x00007ffa2e2fe000 	C:\Windows\System32\msvcp_win.dll
0x00007ffa2e3e0000 - 0x00007ffa2e461000 	C:\Windows\System32\bcryptPrimitives.dll
0x00007ffa2ee80000 - 0x00007ffa2eeae000 	C:\Windows\System32\IMM32.DLL
0x00007ffa0a510000 - 0x00007ffa0a5ab000 	C:\Program Files\AdoptOpenJDK\jdk-11.0.8.10-hotspot\bin\msvcp140.dll
0x00007ff9dc750000 - 0x00007ff9dd20d000 	C:\Program Files\AdoptOpenJDK\jdk-11.0.8.10-hotspot\bin\server\jvm.dll
0x00007ffa2fce0000 - 0x00007ffa2fd83000 	C:\Windows\System32\ADVAPI32.dll
0x00007ffa302d0000 - 0x00007ffa30367000 	C:\Windows\System32\sechost.dll
0x00007ffa30370000 - 0x00007ffa30378000 	C:\Windows\System32\PSAPI.DLL
0x00007ffa16640000 - 0x00007ffa16649000 	C:\Windows\SYSTEM32\WSOCK32.dll
0x00007ffa2ef60000 - 0x00007ffa2efcf000 	C:\Windows\System32\WS2_32.dll
0x00007ffa2b1b0000 - 0x00007ffa2b1d4000 	C:\Windows\SYSTEM32\WINMM.dll
0x00007ffa27aa0000 - 0x00007ffa27aaa000 	C:\Windows\SYSTEM32\VERSION.dll
0x00007ffa2ae10000 - 0x00007ffa2ae3d000 	C:\Windows\SYSTEM32\winmmbase.dll
0x00007ffa2db70000 - 0x00007ffa2dbba000 	C:\Windows\System32\cfgmgr32.dll
0x00007ffa2d2d0000 - 0x00007ffa2d2e1000 	C:\Windows\System32\kernel.appcore.dll
0x00007ffa22f50000 - 0x00007ffa22f60000 	C:\Program Files\AdoptOpenJDK\jdk-11.0.8.10-hotspot\bin\verify.dll
0x00007ffa18e10000 - 0x00007ffa19004000 	C:\Windows\SYSTEM32\DBGHELP.DLL
0x00007ffa19300000 - 0x00007ffa1932a000 	C:\Windows\SYSTEM32\dbgcore.DLL
0x00007ffa13400000 - 0x00007ffa13428000 	C:\Program Files\AdoptOpenJDK\jdk-11.0.8.10-hotspot\bin\java.dll
0x00007ffa22ee0000 - 0x00007ffa22eea000 	C:\Program Files\AdoptOpenJDK\jdk-11.0.8.10-hotspot\bin\jimage.dll
0x00007ffa0d2c0000 - 0x00007ffa0d2f8000 	C:\Program Files\AdoptOpenJDK\jdk-11.0.8.10-hotspot\bin\jdwp.dll
0x00007ffa133b0000 - 0x00007ffa133c7000 	C:\Program Files\AdoptOpenJDK\jdk-11.0.8.10-hotspot\bin\zip.dll
0x00007ffa2f500000 - 0x00007ffa2fbe8000 	C:\Windows\System32\SHELL32.dll
0x00007ffa2f2b0000 - 0x00007ffa2f357000 	C:\Windows\System32\shcore.dll
0x00007ffa2d3a0000 - 0x00007ffa2db1b000 	C:\Windows\System32\windows.storage.dll
0x00007ffa2d310000 - 0x00007ffa2d333000 	C:\Windows\System32\profapi.dll
0x00007ffa2d280000 - 0x00007ffa2d2ca000 	C:\Windows\System32\powrprof.dll
0x00007ffa2d270000 - 0x00007ffa2d280000 	C:\Windows\System32\UMPDC.dll
0x00007ffa2f1d0000 - 0x00007ffa2f222000 	C:\Windows\System32\shlwapi.dll
0x00007ffa2db50000 - 0x00007ffa2db67000 	C:\Windows\System32\cryptsp.dll
0x00007ffa1dce0000 - 0x00007ffa1dcea000 	C:\Program Files\AdoptOpenJDK\jdk-11.0.8.10-hotspot\bin\dt_socket.dll
0x00007ffa2ca50000 - 0x00007ffa2cab7000 	C:\Windows\System32\mswsock.dll
0x00007ffa2c7a0000 - 0x00007ffa2c86b000 	C:\Windows\SYSTEM32\DNSAPI.dll
0x00007ffa2ebe0000 - 0x00007ffa2ebe8000 	C:\Windows\System32\NSI.dll
0x00007ffa2c760000 - 0x00007ffa2c79a000 	C:\Windows\SYSTEM32\IPHLPAPI.DLL
0x00007ffa276e0000 - 0x00007ffa27757000 	C:\Windows\System32\fwpuclnt.dll
0x00007ffa2e300000 - 0x00007ffa2e326000 	C:\Windows\System32\bcrypt.dll
0x00007ffa27b50000 - 0x00007ffa27b5a000 	C:\Windows\System32\rasadhlp.dll
0x00007ffa12480000 - 0x00007ffa12499000 	C:\Program Files\AdoptOpenJDK\jdk-11.0.8.10-hotspot\bin\net.dll
0x00007ffa270a0000 - 0x00007ffa27190000 	C:\Windows\SYSTEM32\WINHTTP.dll
0x00007ffa12410000 - 0x00007ffa12422000 	C:\Program Files\AdoptOpenJDK\jdk-11.0.8.10-hotspot\bin\nio.dll
0x00007ff9fae30000 - 0x00007ff9fafc9000 	C:\Program Files\AdoptOpenJDK\jdk-11.0.8.10-hotspot\bin\awt.dll
0x00007ffa30200000 - 0x00007ffa302c5000 	C:\Windows\System32\OLEAUT32.dll
0x00007ffa2b4f0000 - 0x00007ffa2b57f000 	C:\Windows\SYSTEM32\apphelp.dll
0x00007ffa2bbb0000 - 0x00007ffa2bbdd000 	C:\Windows\system32\DWMAPI.DLL
0x00007ffa2b5c0000 - 0x00007ffa2b659000 	C:\Windows\system32\uxtheme.dll
0x00007ff9de0f0000 - 0x00007ff9de246000 	C:\Windows\system32\opengl32.dll
0x00007ff9f6da0000 - 0x00007ff9f6dcc000 	C:\Windows\SYSTEM32\GLU32.dll
0x00007ffa2bf20000 - 0x00007ffa2bf40000 	C:\Windows\SYSTEM32\dxcore.dll
0x00007ffa2ec50000 - 0x00007ffa2ed85000 	C:\Windows\System32\MSCTF.dll
0x00007ff9e6960000 - 0x00007ff9e6a6e000 	F:\Drivers teclado\Razer Cortex\x64\k_fps64.dll
0x00007ff9eb7d0000 - 0x00007ff9eb84f000 	F:\Drivers teclado\Razer Cortex\x64\d3dx10_43.dll
0x00007ff9e7920000 - 0x00007ff9e7977000 	F:\Drivers teclado\Razer Cortex\x64\EasyHook64.dll
0x00007ff9e66f0000 - 0x00007ff9e695f000 	F:\Drivers teclado\Razer Cortex\x64\D3DCOMPILER_43.dll
0x00007ff9c5340000 - 0x00007ff9c55a3000 	F:\Drivers teclado\Razer Cortex\x64\d3dx9_43.dll
0x00007ffa2e470000 - 0x00007ffa2e5c7000 	C:\Windows\System32\ole32.dll
0x00007ffa23d80000 - 0x00007ffa23f47000 	C:\Windows\system32\d3d9.dll
0x00007ffa24570000 - 0x00007ffa24672000 	C:\Windows\System32\DriverStore\FileRepository\nv_dispi.inf_amd64_60daf66a00f2e0b6\nvldumdx.dll
0x00007ffa2d2f0000 - 0x00007ffa2d302000 	C:\Windows\System32\msasn1.dll
0x00007ffa27a70000 - 0x00007ffa27a9f000 	C:\Windows\SYSTEM32\cryptnet.dll
0x00007ffa2dbc0000 - 0x00007ffa2dd0a000 	C:\Windows\System32\CRYPT32.dll
0x00007ffa2cc20000 - 0x00007ffa2cc2c000 	C:\Windows\SYSTEM32\cryptbase.dll
0x00007ffa2d340000 - 0x00007ffa2d39c000 	C:\Windows\System32\WINTRUST.DLL
0x00007ffa2fcc0000 - 0x00007ffa2fcdd000 	C:\Windows\System32\imagehlp.dll
0x00007ffa2c5d0000 - 0x00007ffa2c603000 	C:\Windows\system32\rsaenh.dll
0x00007ff9c69e0000 - 0x00007ff9c83fb000 	C:\Windows\System32\DriverStore\FileRepository\nv_dispi.inf_amd64_60daf66a00f2e0b6\nvd3dumx.dll
0x00007ff9e6200000 - 0x00007ff9e64b9000 	C:\Windows\system32\nvspcap64.dll
0x00007ffa2c2b0000 - 0x00007ffa2c2e1000 	C:\Windows\SYSTEM32\ntmarta.dll
0x00007ffa2be60000 - 0x00007ffa2be82000 	C:\Windows\SYSTEM32\gpapi.dll

dbghelp: loaded successfully - version: 4.0.5 - missing functions: none
symbol engine: initialized successfully - sym options: 0x614 - pdb path: .;C:\Program Files\AdoptOpenJDK\jdk-11.0.8.10-hotspot\bin;C:\Windows\SYSTEM32;C:\Windows\WinSxS\amd64_microsoft.windows.common-controls_6595b64144ccf1df_6.0.18362.1379_none_9e7ff3b3e45cc0c4;C:\Program Files\AdoptOpenJDK\jdk-11.0.8.10-hotspot\bin\server;F:\Drivers teclado\Razer Cortex\x64;C:\Windows\System32\DriverStore\FileRepository\nv_dispi.inf_amd64_60daf66a00f2e0b6

VM Arguments:
jvm_args: -agentlib:jdwp=transport=dt_socket,server=n,suspend=y,address=localhost:53264 -Dfile.encoding=UTF-8 
java_command: com.eVida.App
java_class_path (initial): C:\Users\Aitor\Desktop\PetProject-master\Cliente\target\classes;C:\Users\Aitor\.m2\repository\com\lowagie\itext\2.1.7\itext-2.1.7.jar;C:\Users\Aitor\.m2\repository\bouncycastle\bcmail-jdk14\138\bcmail-jdk14-138.jar;C:\Users\Aitor\.m2\repository\bouncycastle\bcprov-jdk14\138\bcprov-jdk14-138.jar;C:\Users\Aitor\.m2\repository\org\bouncycastle\bctsp-jdk14\1.38\bctsp-jdk14-1.38.jar;C:\Users\Aitor\.m2\repository\org\bouncycastle\bcprov-jdk14\1.38\bcprov-jdk14-1.38.jar;C:\Users\Aitor\.m2\repository\org\bouncycastle\bcmail-jdk14\1.38\bcmail-jdk14-1.38.jar
Launcher Type: SUN_STANDARD

[Global flags]
     intx CICompilerCount                          = 12                                        {product} {ergonomic}
     uint ConcGCThreads                            = 3                                         {product} {ergonomic}
     uint G1ConcRefinementThreads                  = 13                                        {product} {ergonomic}
   size_t G1HeapRegionSize                         = 1048576                                   {product} {ergonomic}
    uintx GCDrainStackTargetSize                   = 64                                        {product} {ergonomic}
   size_t InitialHeapSize                          = 268435456                                 {product} {ergonomic}
   size_t MarkStackSize                            = 4194304                                   {product} {ergonomic}
   size_t MaxHeapSize                              = 4282384384                                {product} {ergonomic}
   size_t MaxNewSize                               = 2569011200                                {product} {ergonomic}
   size_t MinHeapDeltaBytes                        = 1048576                                   {product} {ergonomic}
    uintx NonNMethodCodeHeapSize                   = 7594288                                {pd product} {ergonomic}
    uintx NonProfiledCodeHeapSize                  = 122031976                              {pd product} {ergonomic}
    uintx ProfiledCodeHeapSize                     = 122031976                              {pd product} {ergonomic}
    uintx ReservedCodeCacheSize                    = 251658240                              {pd product} {ergonomic}
     bool SegmentedCodeCache                       = true                                      {product} {ergonomic}
     bool UseCompressedClassPointers               = true                                 {lp64_product} {ergonomic}
     bool UseCompressedOops                        = true                                 {lp64_product} {ergonomic}
     bool UseG1GC                                  = true                                      {product} {ergonomic}
     bool UseLargePagesIndividualAllocation        = false                                  {pd product} {ergonomic}

Logging:
Log output configuration:
 #0: stdout all=warning uptime,level,tags
 #1: stderr all=off uptime,level,tags

Environment Variables:
JAVA_HOME=C:\Program Files\AdoptOpenJDK\jdk-11.0.8.10-hotspot\
PATH=F:\Seguridad\bin\;C:\Program Files (x86)\Razer Chroma SDK\bin;C:\Program Files\Razer Chroma SDK\bin;C:\Program Files (x86)\Razer\ChromaBroadcast\bin;C:\Program Files\Razer\ChromaBroadcast\bin;C:\Program Files\AdoptOpenJDK\jdk-11.0.8.10-hotspot\bin;C:\Program Files (x86)\Common Files\Oracle\Java\javapath;C:\Windows\system32;C:\Windows;C:\Windows\System32\Wbem;C:\Windows\System32\WindowsPowerShell\v1.0\;C:\Windows\System32\OpenSSH\;C:\Program Files (x86)\NVIDIA Corporation\PhysX\Common;C:\Program Files\NVIDIA Corporation\NVIDIA NvDLISR;C:\Program Files\Intel\WiFi\bin\;C:\Program Files\Common Files\Intel\WirelessCommon\;I:\Programas\tortoise\bin;C:\Program Files\Git\cmd;I;C:\Program Files\RedHat\java-1.8.0-openjdk-1.8.0.252-2\bin;C:\Program Files\RedHat\java-1.8.0-openjdk-1.8.0.252-2\jre\bin;C:\Users\Aitor\AppData\Local\Microsoft\WindowsApps;C:\Users\Aitor\AppData\Local\GitHubDesktop\bin;C:\Program Files\apache-maven-3.6.3\bin;I:\Programas\Microsoft VS Code\bin;C:\Windows\system32\config\systemprofile\AppData\Local\Microsoft\WindowsApps;D:\PuTTY\;C:\Users\Aitor\AppData\Local\Microsoft\WindowsApps;C:\Program Files\Intel\WiFi\bin\;C:\Program Files\Common Files\Intel\WirelessCommon\;C:\Program Files\apache-maven-3.6.3\bin;I:\Programas\Microsoft VS Code\bin;F:\Programas\Microsoft VS Code Insiders\bin
USERNAME=Aitor
LANG=es_ES.UTF-8
OS=Windows_NT
PROCESSOR_IDENTIFIER=AMD64 Family 23 Model 8 Stepping 2, AuthenticAMD



---------------  S Y S T E M  ---------------

OS: Windows 10 , 64 bit Build 18362 (10.0.18362.1350)
OS uptime: 18 days 22:02 hours

CPU:total 16 (initial active 16) (16 cores per cpu, 2 threads per core) family 23 model 8 stepping 2, cmov, cx8, fxsr, mmx, sse, sse2, sse3, ssse3, sse4.1, sse4.2, popcnt, avx, avx2, aes, clmul, mmxext, 3dnowpref, lzcnt, sse4a, ht, tsc, tscinvbit, tscinv, bmi1, bmi2, adx, sha, fma

Memory: 4k page, system-wide physical 16331M (546M free)
TotalPageFile size 30560M (AvailPageFile size 0M)
current process WorkingSet (physical memory assigned to process): 78M, peak: 78M
current process commit charge ("private bytes"): 380M, peak: 380M

vm_info: OpenJDK 64-Bit Server VM (11.0.8+10) for windows-amd64 JRE (11.0.8+10), built on Jul 15 2020 11:45:54 by "" with MS VC++ 15.9 (VS2017)

END.
